# JRE version: OpenJDK Runtime Environment Temurin-17.0.7+7 (17.0.7+7) (build 17.0.7+7)
# Java VM: OpenJDK 64-Bit Server VM Temurin-17.0.7+7 (17.0.7+7, mixed mode, tiered, compressed oops, compressed class ptrs, g1 gc, windows-amd64)
GC Precious Log:
 CPUs: 8 total, 8 available
 Memory: 7995M
 Large Page Support: Disabled
 NUMA Support: Disabled
 Compressed Oops: Enabled (32-bit)
 Heap Region Size: 1M
 Heap Min Capacity: 8M
 Heap Initial Capacity: 126M
 Heap Max Capacity: 2000M
 Pre-touch: Disabled
 Parallel Workers: 8
 Concurrent Workers: 2
 Concurrent Refinement Workers: 8
 Periodic GC: Disabled
Heap:
 garbage-first heap   total 231424K, used 148953K [0x0000000083000000, 0x0000000100000000)
  region size 1024K, 66 young (67584K), 13 survivors (13312K)
 Metaspace       used 41916K, committed 42304K, reserved 1114112K
  class space    used 4363K, committed 4544K, reserved 1048576K
GC Heap History (20 events):
Event: 9.440 GC heap before
{Heap before GC invocations=16 (full 0):
 garbage-first heap   total 79872K, used 58368K [0x0000000083000000, 0x0000000100000000)
  region size 1024K, 24 young (24576K), 5 survivors (5120K)
 Metaspace       used 35845K, committed 36096K, reserved 1114112K
  class space    used 3807K, committed 3904K, reserved 1048576K
}
Event: 9.449 GC heap after
{Heap after GC invocations=17 (full 0):
 garbage-first heap   total 79872K, used 45028K [0x0000000083000000, 0x0000000100000000)
  region size 1024K, 3 young (3072K), 3 survivors (3072K)
 Metaspace       used 35845K, committed 36096K, reserved 1114112K
  class space    used 3807K, committed 3904K, reserved 1048576K
}
Event: 9.814 GC heap before
{Heap before GC invocations=17 (full 0):
 garbage-first heap   total 79872K, used 61412K [0x0000000083000000, 0x0000000100000000)
  region size 1024K, 19 young (19456K), 3 survivors (3072K)
 Metaspace       used 36012K, committed 36288K, reserved 1114112K
  class space    used 3829K, committed 3968K, reserved 1048576K
}
Event: 9.829 GC heap after
{Heap after GC invocations=18 (full 0):
 garbage-first heap   total 114688K, used 50176K [0x0000000083000000, 0x0000000100000000)
  region size 1024K, 3 young (3072K), 3 survivors (3072K)
 Metaspace       used 36012K, committed 36288K, reserved 1114112K
  class space    used 3829K, committed 3968K, reserved 1048576K
}
Event: 10.135 GC heap before
{Heap before GC invocations=19 (full 0):
 garbage-first heap   total 114688K, used 78848K [0x0000000083000000, 0x0000000100000000)
  region size 1024K, 30 young (30720K), 3 survivors (3072K)
 Metaspace       used 36604K, committed 36864K, reserved 1114112K
  class space    used 3870K, committed 3968K, reserved 1048576K
}
Event: 10.153 GC heap after
{Heap after GC invocations=20 (full 0):
 garbage-first heap   total 114688K, used 56272K [0x0000000083000000, 0x0000000100000000)
  region size 1024K, 4 young (4096K), 4 survivors (4096K)
 Metaspace       used 36604K, committed 36864K, reserved 1114112K
  class space    used 3870K, committed 3968K, reserved 1048576K
}
Event: 10.240 GC heap before
{Heap before GC invocations=20 (full 0):
 garbage-first heap   total 114688K, used 65488K [0x0000000083000000, 0x0000000100000000)
  region size 1024K, 14 young (14336K), 4 survivors (4096K)
 Metaspace       used 36691K, committed 36928K, reserved 1114112K
  class space    used 3873K, committed 3968K, reserved 1048576K
}
Event: 10.253 GC heap after
{Heap after GC invocations=21 (full 0):
 garbage-first heap   total 114688K, used 58096K [0x0000000083000000, 0x0000000100000000)
  region size 1024K, 2 young (2048K), 2 survivors (2048K)
 Metaspace       used 36691K, committed 36928K, reserved 1114112K
  class space    used 3873K, committed 3968K, reserved 1048576K
}
Event: 10.613 GC heap before
{Heap before GC invocations=22 (full 0):
 garbage-first heap   total 114688K, used 84720K [0x0000000083000000, 0x0000000100000000)
  region size 1024K, 27 young (27648K), 2 survivors (2048K)
 Metaspace       used 37495K, committed 37824K, reserved 1114112K
  class space    used 3954K, committed 4096K, reserved 1048576K
}
Event: 10.622 GC heap after
{Heap after GC invocations=23 (full 0):
 garbage-first heap   total 114688K, used 60624K [0x0000000083000000, 0x0000000100000000)
  region size 1024K, 4 young (4096K), 4 survivors (4096K)
 Metaspace       used 37495K, committed 37824K, reserved 1114112K
  class space    used 3954K, committed 4096K, reserved 1048576K
}
Event: 10.639 GC heap before
{Heap before GC invocations=23 (full 0):
 garbage-first heap   total 114688K, used 61648K [0x0000000083000000, 0x0000000100000000)
  region size 1024K, 5 young (5120K), 4 survivors (4096K)
 Metaspace       used 37586K, committed 37952K, reserved 1114112K
  class space    used 3974K, committed 4160K, reserved 1048576K
}
Event: 10.651 GC heap after
{Heap after GC invocations=24 (full 0):
 garbage-first heap   total 114688K, used 60517K [0x0000000083000000, 0x0000000100000000)
  region size 1024K, 1 young (1024K), 1 survivors (1024K)
 Metaspace       used 37586K, committed 37952K, reserved 1114112K
  class space    used 3974K, committed 4160K, reserved 1048576K
}
Event: 11.217 GC heap before
{Heap before GC invocations=24 (full 0):
 garbage-first heap   total 114688K, used 85093K [0x0000000083000000, 0x0000000100000000)
  region size 1024K, 26 young (26624K), 1 survivors (1024K)
 Metaspace       used 39191K, committed 39488K, reserved 1114112K
  class space    used 4127K, committed 4288K, reserved 1048576K
}
Event: 11.223 GC heap after
{Heap after GC invocations=25 (full 0):
 garbage-first heap   total 114688K, used 61942K [0x0000000083000000, 0x0000000100000000)
  region size 1024K, 2 young (2048K), 2 survivors (2048K)
 Metaspace       used 39191K, committed 39488K, reserved 1114112K
  class space    used 4127K, committed 4288K, reserved 1048576K
}
Event: 11.995 GC heap before
{Heap before GC invocations=26 (full 0):
 garbage-first heap   total 114688K, used 88566K [0x0000000083000000, 0x0000000100000000)
  region size 1024K, 28 young (28672K), 2 survivors (2048K)
 Metaspace       used 39605K, committed 40000K, reserved 1114112K
  class space    used 4164K, committed 4352K, reserved 1048576K
}
Event: 12.006 GC heap after
{Heap after GC invocations=27 (full 0):
 garbage-first heap   total 114688K, used 62663K [0x0000000083000000, 0x0000000100000000)
  region size 1024K, 4 young (4096K), 4 survivors (4096K)
 Metaspace       used 39605K, committed 40000K, reserved 1114112K
  class space    used 4164K, committed 4352K, reserved 1048576K
}
Event: 12.033 GC heap before
{Heap before GC invocations=27 (full 0):
 garbage-first heap   total 114688K, used 63687K [0x0000000083000000, 0x0000000100000000)
  region size 1024K, 5 young (5120K), 4 survivors (4096K)
 Metaspace       used 39605K, committed 40000K, reserved 1114112K
  class space    used 4164K, committed 4352K, reserved 1048576K
}
Event: 12.043 GC heap after
{Heap after GC invocations=28 (full 0):
 garbage-first heap   total 231424K, used 63087K [0x0000000083000000, 0x0000000100000000)
  region size 1024K, 1 young (1024K), 1 survivors (1024K)
 Metaspace       used 39605K, committed 40000K, reserved 1114112K
  class space    used 4164K, committed 4352K, reserved 1048576K
}
Event: 13.839 GC heap before
{Heap before GC invocations=28 (full 0):
 garbage-first heap   total 231424K, used 168559K [0x0000000083000000, 0x0000000100000000)
  region size 1024K, 100 young (102400K), 1 survivors (1024K)
 Metaspace       used 39769K, committed 40128K, reserved 1114112K
  class space    used 4169K, committed 4352K, reserved 1048576K
}
Event: 13.855 GC heap after
{Heap after GC invocations=29 (full 0):
 garbage-first heap   total 231424K, used 95705K [0x0000000083000000, 0x0000000100000000)
  region size 1024K, 13 young (13312K), 13 survivors (13312K)
 Metaspace       used 39769K, committed 40128K, reserved 1114112K
  class space    used 4169K, committed 4352K, reserved 1048576K
}

